# JRE version: OpenJDK Runtime Environment (8.0_222-b10) (build 1.8.0_222-8u222-b10-1ubuntu1~16.04.1-b10)
# Java VM: OpenJDK 64-Bit Server VM (25.222-b10 mixed mode linux-amd64 compressed oops)
Heap:
 PSYoungGen      total 309248K, used 432K [0x00000000d7d00000, 0x00000000eba00000, 0x0000000100000000)
  eden space 293888K, 0% used [0x00000000d7d00000,0x00000000d7d00000,0x00000000e9c00000)
  from space 15360K, 2% used [0x00000000e9c00000,0x00000000e9c6c060,0x00000000eab00000)
  to   space 8704K, 0% used [0x00000000eb180000,0x00000000eb180000,0x00000000eba00000)
 ParOldGen       total 62976K, used 25130K [0x0000000087600000, 0x000000008b380000, 0x00000000d7d00000)
  object space 62976K, 39% used [0x0000000087600000,0x0000000088e8a850,0x000000008b380000)
 Metaspace       used 46803K, capacity 49478K, committed 49744K, reserved 1091584K
  class space    used 6199K, capacity 6695K, committed 6780K, reserved 1048576K
GC Heap History (10 events):
Event: 9,172 GC heap after
Heap after GC invocations=8 (full 1):
 PSYoungGen      total 131584K, used 8180K [0x00000000d7d00000, 0x00000000e5c80000, 0x0000000100000000)
  eden space 123392K, 0% used [0x00000000d7d00000,0x00000000d7d00000,0x00000000df580000)
  from space 8192K, 99% used [0x00000000df580000,0x00000000dfd7d2a0,0x00000000dfd80000)
  to   space 12800K, 0% used [0x00000000e5000000,0x00000000e5000000,0x00000000e5c80000)
 ParOldGen       total 44032K, used 13007K [0x0000000087600000, 0x000000008a100000, 0x00000000d7d00000)
  object space 44032K, 29% used [0x0000000087600000,0x00000000882b3e10,0x000000008a100000)
 Metaspace       used 33848K, capacity 35382K, committed 35580K, reserved 1079296K
  class space    used 4424K, capacity 4737K, committed 4860K, reserved 1048576K
}
Event: 9,238 GC heap before
{Heap before GC invocations=9 (full 1):
 PSYoungGen      total 131584K, used 15731K [0x00000000d7d00000, 0x00000000e5c80000, 0x0000000100000000)
  eden space 123392K, 6% used [0x00000000d7d00000,0x00000000d845fce0,0x00000000df580000)
  from space 8192K, 99% used [0x00000000df580000,0x00000000dfd7d2a0,0x00000000dfd80000)
  to   space 12800K, 0% used [0x00000000e5000000,0x00000000e5000000,0x00000000e5c80000)
 ParOldGen       total 44032K, used 13007K [0x0000000087600000, 0x000000008a100000, 0x00000000d7d00000)
  object space 44032K, 29% used [0x0000000087600000,0x00000000882b3e10,0x000000008a100000)
 Metaspace       used 34344K, capacity 35862K, committed 36048K, reserved 1081344K
  class space    used 4469K, capacity 4769K, committed 4860K, reserved 1048576K
Event: 9,259 GC heap after
Heap after GC invocations=9 (full 1):
 PSYoungGen      total 216064K, used 8888K [0x00000000d7d00000, 0x00000000e7880000, 0x0000000100000000)
  eden space 203264K, 0% used [0x00000000d7d00000,0x00000000d7d00000,0x00000000e4380000)
  from space 12800K, 69% used [0x00000000e5000000,0x00000000e58ae278,0x00000000e5c80000)
  to   space 12800K, 0% used [0x00000000e4380000,0x00000000e4380000,0x00000000e5000000)
 ParOldGen       total 44032K, used 13007K [0x0000000087600000, 0x000000008a100000, 0x00000000d7d00000)
  object space 44032K, 29% used [0x0000000087600000,0x00000000882b3e10,0x000000008a100000)
 Metaspace       used 34344K, capacity 35862K, committed 36048K, reserved 1081344K
  class space    used 4469K, capacity 4769K, committed 4860K, reserved 1048576K
}
Event: 9,259 GC heap before
{Heap before GC invocations=10 (full 2):
 PSYoungGen      total 216064K, used 8888K [0x00000000d7d00000, 0x00000000e7880000, 0x0000000100000000)
  eden space 203264K, 0% used [0x00000000d7d00000,0x00000000d7d00000,0x00000000e4380000)
  from space 12800K, 69% used [0x00000000e5000000,0x00000000e58ae278,0x00000000e5c80000)
  to   space 12800K, 0% used [0x00000000e4380000,0x00000000e4380000,0x00000000e5000000)
 ParOldGen       total 44032K, used 13007K [0x0000000087600000, 0x000000008a100000, 0x00000000d7d00000)
  object space 44032K, 29% used [0x0000000087600000,0x00000000882b3e10,0x000000008a100000)
 Metaspace       used 34344K, capacity 35862K, committed 36048K, reserved 1081344K
  class space    used 4469K, capacity 4769K, committed 4860K, reserved 1048576K
Event: 9,369 GC heap after
Heap after GC invocations=10 (full 2):
 PSYoungGen      total 216064K, used 0K [0x00000000d7d00000, 0x00000000e7880000, 0x0000000100000000)
  eden space 203264K, 0% used [0x00000000d7d00000,0x00000000d7d00000,0x00000000e4380000)
  from space 12800K, 0% used [0x00000000e5000000,0x00000000e5000000,0x00000000e5c80000)
  to   space 12800K, 0% used [0x00000000e4380000,0x00000000e4380000,0x00000000e5000000)
 ParOldGen       total 62976K, used 14364K [0x0000000087600000, 0x000000008b380000, 0x00000000d7d00000)
  object space 62976K, 22% used [0x0000000087600000,0x0000000088407138,0x000000008b380000)
 Metaspace       used 34344K, capacity 35862K, committed 36048K, reserved 1081344K
  class space    used 4469K, capacity 4769K, committed 4860K, reserved 1048576K
}
Event: 513,398 GC heap before
{Heap before GC invocations=11 (full 2):
 PSYoungGen      total 216064K, used 203264K [0x00000000d7d00000, 0x00000000e7880000, 0x0000000100000000)
  eden space 203264K, 100% used [0x00000000d7d00000,0x00000000e4380000,0x00000000e4380000)
  from space 12800K, 0% used [0x00000000e5000000,0x00000000e5000000,0x00000000e5c80000)
  to   space 12800K, 0% used [0x00000000e4380000,0x00000000e4380000,0x00000000e5000000)
 ParOldGen       total 62976K, used 14364K [0x0000000087600000, 0x000000008b380000, 0x00000000d7d00000)
  object space 62976K, 22% used [0x0000000087600000,0x0000000088407138,0x000000008b380000)
 Metaspace       used 45699K, capacity 48328K, committed 48592K, reserved 1091584K
  class space    used 6067K, capacity 6576K, committed 6652K, reserved 1048576K
Event: 513,437 GC heap after
Heap after GC invocations=11 (full 2):
 PSYoungGen      total 216064K, used 12775K [0x00000000d7d00000, 0x00000000ec100000, 0x0000000100000000)
  eden space 203264K, 0% used [0x00000000d7d00000,0x00000000d7d00000,0x00000000e4380000)
  from space 12800K, 99% used [0x00000000e4380000,0x00000000e4ff9d00,0x00000000e5000000)
  to   space 15872K, 0% used [0x00000000eb180000,0x00000000eb180000,0x00000000ec100000)
 ParOldGen       total 62976K, used 17869K [0x0000000087600000, 0x000000008b380000, 0x00000000d7d00000)
  object space 62976K, 28% used [0x0000000087600000,0x0000000088773650,0x000000008b380000)
 Metaspace       used 45699K, capacity 48328K, committed 48592K, reserved 1091584K
  class space    used 6067K, capacity 6576K, committed 6652K, reserved 1048576K
}
Event: 2560,898 GC heap before
{Heap before GC invocations=12 (full 2):
 PSYoungGen      total 216064K, used 216039K [0x00000000d7d00000, 0x00000000ec100000, 0x0000000100000000)
  eden space 203264K, 100% used [0x00000000d7d00000,0x00000000e4380000,0x00000000e4380000)
  from space 12800K, 99% used [0x00000000e4380000,0x00000000e4ff9d00,0x00000000e5000000)
  to   space 15872K, 0% used [0x00000000eb180000,0x00000000eb180000,0x00000000ec100000)
 ParOldGen       total 62976K, used 17869K [0x0000000087600000, 0x000000008b380000, 0x00000000d7d00000)
  object space 62976K, 28% used [0x0000000087600000,0x0000000088773650,0x000000008b380000)
 Metaspace       used 46658K, capacity 49350K, committed 49488K, reserved 1091584K
  class space    used 6180K, capacity 6695K, committed 6780K, reserved 1048576K
Event: 2560,928 GC heap after
Heap after GC invocations=12 (full 2):
 PSYoungGen      total 302592K, used 8164K [0x00000000d7d00000, 0x00000000eba00000, 0x0000000100000000)
  eden space 293888K, 0% used [0x00000000d7d00000,0x00000000d7d00000,0x00000000e9c00000)
  from space 8704K, 93% used [0x00000000eb180000,0x00000000eb9791d0,0x00000000eba00000)
  to   space 15360K, 0% used [0x00000000e9c00000,0x00000000e9c00000,0x00000000eab00000)
 ParOldGen       total 62976K, used 17877K [0x0000000087600000, 0x000000008b380000, 0x00000000d7d00000)
  object space 62976K, 28% used [0x0000000087600000,0x0000000088775650,0x000000008b380000)
 Metaspace       used 46658K, capacity 49350K, committed 49488K, reserved 1091584K
  class space    used 6180K, capacity 6695K, committed 6780K, reserved 1048576K
}
Event: 6106,495 GC heap before
{Heap before GC invocations=13 (full 2):
 PSYoungGen      total 302592K, used 302052K [0x00000000d7d00000, 0x00000000eba00000, 0x0000000100000000)
  eden space 293888K, 100% used [0x00000000d7d00000,0x00000000e9c00000,0x00000000e9c00000)
  from space 8704K, 93% used [0x00000000eb180000,0x00000000eb9791d0,0x00000000eba00000)
  to   space 15360K, 0% used [0x00000000e9c00000,0x00000000e9c00000,0x00000000eab00000)
 ParOldGen       total 62976K, used 17877K [0x0000000087600000, 0x000000008b380000, 0x00000000d7d00000)
  object space 62976K, 28% used [0x0000000087600000,0x0000000088775650,0x000000008b380000)
 Metaspace       used 46803K, capacity 49478K, committed 49744K, reserved 1091584K
  class space    used 6199K, capacity 6695K, committed 6780K, reserved 1048576K

